<?xml version="1.0" encoding="UTF-8"?>
<testng-results skipped="0" failed="0" total="1" passed="1">
  <reporter-output>
  </reporter-output>
  <suite name="Failed suite [Default suite]" duration-ms="19872" started-at="2019-05-06T06:31:45Z" finished-at="2019-05-06T06:32:04Z">
    <groups>
    </groups>
    <test name="Default test(failed)" duration-ms="19872" started-at="2019-05-06T06:31:45Z" finished-at="2019-05-06T06:32:04Z">
      <class name="com.alist.qa.testcases.UserDetailsTest">
        <test-method status="PASS" signature="SetUp()[pri:0, instance:com.alist.qa.testcases.UserDetailsTest@3b0143d3]" name="SetUp" is-config="true" duration-ms="12644" started-at="2019-05-06T12:01:45Z" finished-at="2019-05-06T12:01:57Z">
          <reporter-output>
          </reporter-output>
        </test-method> <!-- SetUp -->
        <test-method status="PASS" signature="checkFileUploadTest()[pri:1, instance:com.alist.qa.testcases.UserDetailsTest@3b0143d3]" name="checkFileUploadTest" duration-ms="7054" started-at="2019-05-06T12:01:57Z" finished-at="2019-05-06T12:02:04Z">
          <reporter-output>
          </reporter-output>
        </test-method> <!-- checkFileUploadTest -->
        <test-method status="PASS" signature="tearDown()[pri:0, instance:com.alist.qa.testcases.UserDetailsTest@3b0143d3]" name="tearDown" is-config="true" duration-ms="143" started-at="2019-05-06T12:02:04Z" finished-at="2019-05-06T12:02:04Z">
          <reporter-output>
          </reporter-output>
        </test-method> <!-- tearDown -->
      </class> <!-- com.alist.qa.testcases.UserDetailsTest -->
    </test> <!-- Default test(failed) -->
  </suite> <!-- Failed suite [Default suite] -->
</testng-results>
