<?xml version="1.0" encoding="UTF-8"?>
<testng-results skipped="0" failed="0" total="3" passed="3">
  <reporter-output>
  </reporter-output>
  <suite name="Default suite" duration-ms="14273" started-at="2019-05-02T13:29:12Z" finished-at="2019-05-02T13:29:26Z">
    <groups>
    </groups>
    <test name="Default test" duration-ms="14273" started-at="2019-05-02T13:29:12Z" finished-at="2019-05-02T13:29:26Z">
      <class name="com.alist.qa.testcases.AllContactsTest">
        <test-method status="PASS" signature="SetUp()[pri:0, instance:com.alist.qa.testcases.AllContactsTest@eec5a4a]" name="SetUp" is-config="true" duration-ms="13084" started-at="2019-05-02T18:59:12Z" finished-at="2019-05-02T18:59:25Z">
          <reporter-output>
          </reporter-output>
        </test-method> <!-- SetUp -->
        <test-method status="PASS" signature="checkPageTitleTest()[pri:1, instance:com.alist.qa.testcases.AllContactsTest@eec5a4a]" name="checkPageTitleTest" duration-ms="31" started-at="2019-05-02T18:59:25Z" finished-at="2019-05-02T18:59:25Z">
          <reporter-output>
          </reporter-output>
        </test-method> <!-- checkPageTitleTest -->
        <test-method status="PASS" signature="checkPageHeadingAndCountTest()[pri:2, instance:com.alist.qa.testcases.AllContactsTest@eec5a4a]" name="checkPageHeadingAndCountTest" duration-ms="548" started-at="2019-05-02T18:59:25Z" finished-at="2019-05-02T18:59:26Z">
          <reporter-output>
          </reporter-output>
        </test-method> <!-- checkPageHeadingAndCountTest -->
        <test-method status="PASS" signature="checkContactColumnsTest()[pri:3, instance:com.alist.qa.testcases.AllContactsTest@eec5a4a]" name="checkContactColumnsTest" duration-ms="363" started-at="2019-05-02T18:59:26Z" finished-at="2019-05-02T18:59:26Z">
          <reporter-output>
          </reporter-output>
        </test-method> <!-- checkContactColumnsTest -->
        <test-method status="PASS" signature="tearDown()[pri:0, instance:com.alist.qa.testcases.AllContactsTest@eec5a4a]" name="tearDown" is-config="true" duration-ms="207" started-at="2019-05-02T18:59:26Z" finished-at="2019-05-02T18:59:26Z">
          <reporter-output>
          </reporter-output>
        </test-method> <!-- tearDown -->
      </class> <!-- com.alist.qa.testcases.AllContactsTest -->
    </test> <!-- Default test -->
  </suite> <!-- Default suite -->
</testng-results>
